生成启动时间为 2015/2/5 21:42:23。
     1>项目“F:\我的程序\C\实训\黑客帝国\黑客帝国.vcxproj”在节点 2 上(Build 个目标)。
     1>ClCompile:
         D:\软件\VS2013\VC\bin\CL.exe /c /ZI /nologo /W3 /WX- /Od /Oy- /D WIN32 /D _DEBUG /D _CONSOLE /D _VC80_UPGRADE=0x0600 /D _MBCS /Gm /EHsc /RTC1 /MTd /GS /Gy- /fp:precise /Zc:wchar_t /Zc:forScope /Fo".\Debug\\" /Fd".\Debug\vc120.pdb" /Gd /TP /analyze- /errorReport:prompt 1.cpp
         1.cpp
     1>f:\我的程序\c\实训\黑客帝国\1.cpp(51): warning C4996: 'gmtime': This function or variable may be unsafe. Consider using gmtime_s instead. To disable deprecation, use _CRT_SECURE_NO_WARNINGS. See online help for details.
                 d:\软件\vs2013\vc\include\time.inl(99) : 参见“gmtime”的声明
     1>f:\我的程序\c\实训\黑客帝国\1.cpp(85): warning C4996: 'fopen': This function or variable may be unsafe. Consider using fopen_s instead. To disable deprecation, use _CRT_SECURE_NO_WARNINGS. See online help for details.
                 d:\软件\vs2013\vc\include\stdio.h(211) : 参见“fopen”的声明
     1>f:\我的程序\c\实训\黑客帝国\1.cpp(123): warning C4996: 'strcpy': This function or variable may be unsafe. Consider using strcpy_s instead. To disable deprecation, use _CRT_SECURE_NO_WARNINGS. See online help for details.
                 d:\软件\vs2013\vc\include\string.h(112) : 参见“strcpy”的声明
     1>f:\我的程序\c\实训\黑客帝国\1.cpp(147): warning C4996: 'scanf': This function or variable may be unsafe. Consider using scanf_s instead. To disable deprecation, use _CRT_SECURE_NO_WARNINGS. See online help for details.
                 d:\软件\vs2013\vc\include\stdio.h(283) : 参见“scanf”的声明
     1>f:\我的程序\c\实训\黑客帝国\1.cpp(154): warning C4996: 'scanf': This function or variable may be unsafe. Consider using scanf_s instead. To disable deprecation, use _CRT_SECURE_NO_WARNINGS. See online help for details.
                 d:\软件\vs2013\vc\include\stdio.h(283) : 参见“scanf”的声明
     1>f:\我的程序\c\实训\黑客帝国\1.cpp(158): warning C4996: 'scanf': This function or variable may be unsafe. Consider using scanf_s instead. To disable deprecation, use _CRT_SECURE_NO_WARNINGS. See online help for details.
                 d:\软件\vs2013\vc\include\stdio.h(283) : 参见“scanf”的声明
     1>f:\我的程序\c\实训\黑客帝国\1.cpp(172): warning C4996: 'flushall': The POSIX name for this item is deprecated. Instead, use the ISO C++ conformant name: _flushall. See online help for details.
                 d:\软件\vs2013\vc\include\stdio.h(719) : 参见“flushall”的声明
     1>f:\我的程序\c\实训\黑客帝国\1.cpp(179): warning C4996: 'scanf': This function or variable may be unsafe. Consider using scanf_s instead. To disable deprecation, use _CRT_SECURE_NO_WARNINGS. See online help for details.
                 d:\软件\vs2013\vc\include\stdio.h(283) : 参见“scanf”的声明
     1>f:\我的程序\c\实训\黑客帝国\1.cpp(193): warning C4996: 'flushall': The POSIX name for this item is deprecated. Instead, use the ISO C++ conformant name: _flushall. See online help for details.
                 d:\软件\vs2013\vc\include\stdio.h(719) : 参见“flushall”的声明
     1>f:\我的程序\c\实训\黑客帝国\1.cpp(200): warning C4996: 'flushall': The POSIX name for this item is deprecated. Instead, use the ISO C++ conformant name: _flushall. See online help for details.
                 d:\软件\vs2013\vc\include\stdio.h(719) : 参见“flushall”的声明
     1>f:\我的程序\c\实训\黑客帝国\1.cpp(210): warning C4996: 'flushall': The POSIX name for this item is deprecated. Instead, use the ISO C++ conformant name: _flushall. See online help for details.
                 d:\软件\vs2013\vc\include\stdio.h(719) : 参见“flushall”的声明
     1>f:\我的程序\c\实训\黑客帝国\1.cpp(211): warning C4996: 'scanf': This function or variable may be unsafe. Consider using scanf_s instead. To disable deprecation, use _CRT_SECURE_NO_WARNINGS. See online help for details.
                 d:\软件\vs2013\vc\include\stdio.h(283) : 参见“scanf”的声明
     1>f:\我的程序\c\实训\黑客帝国\1.cpp(256): warning C4996: 'scanf': This function or variable may be unsafe. Consider using scanf_s instead. To disable deprecation, use _CRT_SECURE_NO_WARNINGS. See online help for details.
                 d:\软件\vs2013\vc\include\stdio.h(283) : 参见“scanf”的声明
     1>f:\我的程序\c\实训\黑客帝国\1.cpp(257): warning C4996: 'flushall': The POSIX name for this item is deprecated. Instead, use the ISO C++ conformant name: _flushall. See online help for details.
                 d:\软件\vs2013\vc\include\stdio.h(719) : 参见“flushall”的声明
     1>f:\我的程序\c\实训\黑客帝国\1.cpp(323): warning C4996: 'fopen': This function or variable may be unsafe. Consider using fopen_s instead. To disable deprecation, use _CRT_SECURE_NO_WARNINGS. See online help for details.
                 d:\软件\vs2013\vc\include\stdio.h(211) : 参见“fopen”的声明
     1>f:\我的程序\c\实训\黑客帝国\1.cpp(354): warning C4996: 'fopen': This function or variable may be unsafe. Consider using fopen_s instead. To disable deprecation, use _CRT_SECURE_NO_WARNINGS. See online help for details.
                 d:\软件\vs2013\vc\include\stdio.h(211) : 参见“fopen”的声明
     1>f:\我的程序\c\实训\黑客帝国\1.cpp(368): warning C4996: 'scanf': This function or variable may be unsafe. Consider using scanf_s instead. To disable deprecation, use _CRT_SECURE_NO_WARNINGS. See online help for details.
                 d:\软件\vs2013\vc\include\stdio.h(283) : 参见“scanf”的声明
     1>f:\我的程序\c\实训\黑客帝国\1.cpp(445): warning C4996: 'strcpy': This function or variable may be unsafe. Consider using strcpy_s instead. To disable deprecation, use _CRT_SECURE_NO_WARNINGS. See online help for details.
                 d:\软件\vs2013\vc\include\string.h(112) : 参见“strcpy”的声明
     1>f:\我的程序\c\实训\黑客帝国\1.cpp(452): warning C4996: 'strcpy': This function or variable may be unsafe. Consider using strcpy_s instead. To disable deprecation, use _CRT_SECURE_NO_WARNINGS. See online help for details.
                 d:\软件\vs2013\vc\include\string.h(112) : 参见“strcpy”的声明
     1>f:\我的程序\c\实训\黑客帝国\1.cpp(458): warning C4996: 'strcpy': This function or variable may be unsafe. Consider using strcpy_s instead. To disable deprecation, use _CRT_SECURE_NO_WARNINGS. See online help for details.
                 d:\软件\vs2013\vc\include\string.h(112) : 参见“strcpy”的声明
     1>f:\我的程序\c\实训\黑客帝国\1.cpp(484): warning C4996: 'scanf': This function or variable may be unsafe. Consider using scanf_s instead. To disable deprecation, use _CRT_SECURE_NO_WARNINGS. See online help for details.
                 d:\软件\vs2013\vc\include\stdio.h(283) : 参见“scanf”的声明
     1>f:\我的程序\c\实训\黑客帝国\1.cpp(516): warning C4996: 'strcpy': This function or variable may be unsafe. Consider using strcpy_s instead. To disable deprecation, use _CRT_SECURE_NO_WARNINGS. See online help for details.
                 d:\软件\vs2013\vc\include\string.h(112) : 参见“strcpy”的声明
     1>f:\我的程序\c\实训\黑客帝国\1.cpp(517): warning C4996: 'strcpy': This function or variable may be unsafe. Consider using strcpy_s instead. To disable deprecation, use _CRT_SECURE_NO_WARNINGS. See online help for details.
                 d:\软件\vs2013\vc\include\string.h(112) : 参见“strcpy”的声明
     1>f:\我的程序\c\实训\黑客帝国\1.cpp(518): warning C4996: 'strcpy': This function or variable may be unsafe. Consider using strcpy_s instead. To disable deprecation, use _CRT_SECURE_NO_WARNINGS. See online help for details.
                 d:\软件\vs2013\vc\include\string.h(112) : 参见“strcpy”的声明
     1>f:\我的程序\c\实训\黑客帝国\1.cpp(529): warning C4996: 'fopen': This function or variable may be unsafe. Consider using fopen_s instead. To disable deprecation, use _CRT_SECURE_NO_WARNINGS. See online help for details.
                 d:\软件\vs2013\vc\include\stdio.h(211) : 参见“fopen”的声明
     1>f:\我的程序\c\实训\黑客帝国\1.cpp(570): warning C4996: 'strcpy': This function or variable may be unsafe. Consider using strcpy_s instead. To disable deprecation, use _CRT_SECURE_NO_WARNINGS. See online help for details.
                 d:\软件\vs2013\vc\include\string.h(112) : 参见“strcpy”的声明
     1>f:\我的程序\c\实训\黑客帝国\1.cpp(571): warning C4996: 'strcpy': This function or variable may be unsafe. Consider using strcpy_s instead. To disable deprecation, use _CRT_SECURE_NO_WARNINGS. See online help for details.
                 d:\软件\vs2013\vc\include\string.h(112) : 参见“strcpy”的声明
     1>f:\我的程序\c\实训\黑客帝国\1.cpp(572): warning C4996: 'strcpy': This function or variable may be unsafe. Consider using strcpy_s instead. To disable deprecation, use _CRT_SECURE_NO_WARNINGS. See online help for details.
                 d:\软件\vs2013\vc\include\string.h(112) : 参见“strcpy”的声明
     1>f:\我的程序\c\实训\黑客帝国\1.cpp(578): warning C4996: 'fopen': This function or variable may be unsafe. Consider using fopen_s instead. To disable deprecation, use _CRT_SECURE_NO_WARNINGS. See online help for details.
                 d:\软件\vs2013\vc\include\stdio.h(211) : 参见“fopen”的声明
     1>f:\我的程序\c\实训\黑客帝国\1.cpp(605): warning C4996: 'strcpy': This function or variable may be unsafe. Consider using strcpy_s instead. To disable deprecation, use _CRT_SECURE_NO_WARNINGS. See online help for details.
                 d:\软件\vs2013\vc\include\string.h(112) : 参见“strcpy”的声明
     1>f:\我的程序\c\实训\黑客帝国\1.cpp(613): warning C4996: 'strcpy': This function or variable may be unsafe. Consider using strcpy_s instead. To disable deprecation, use _CRT_SECURE_NO_WARNINGS. See online help for details.
                 d:\软件\vs2013\vc\include\string.h(112) : 参见“strcpy”的声明
     1>f:\我的程序\c\实训\黑客帝国\1.cpp(620): warning C4996: 'strcpy': This function or variable may be unsafe. Consider using strcpy_s instead. To disable deprecation, use _CRT_SECURE_NO_WARNINGS. See online help for details.
                 d:\软件\vs2013\vc\include\string.h(112) : 参见“strcpy”的声明
     1>f:\我的程序\c\实训\黑客帝国\1.cpp(625): warning C4996: 'fopen': This function or variable may be unsafe. Consider using fopen_s instead. To disable deprecation, use _CRT_SECURE_NO_WARNINGS. See online help for details.
                 d:\软件\vs2013\vc\include\stdio.h(211) : 参见“fopen”的声明
     1>f:\我的程序\c\实训\黑客帝国\1.cpp(648): warning C4996: 'fopen': This function or variable may be unsafe. Consider using fopen_s instead. To disable deprecation, use _CRT_SECURE_NO_WARNINGS. See online help for details.
                 d:\软件\vs2013\vc\include\stdio.h(211) : 参见“fopen”的声明
     1>f:\我的程序\c\实训\黑客帝国\1.cpp(672): warning C4996: 'fopen': This function or variable may be unsafe. Consider using fopen_s instead. To disable deprecation, use _CRT_SECURE_NO_WARNINGS. See online help for details.
                 d:\软件\vs2013\vc\include\stdio.h(211) : 参见“fopen”的声明
     1>f:\我的程序\c\实训\黑客帝国\1.cpp(716): warning C4996: 'fopen': This function or variable may be unsafe. Consider using fopen_s instead. To disable deprecation, use _CRT_SECURE_NO_WARNINGS. See online help for details.
                 d:\软件\vs2013\vc\include\stdio.h(211) : 参见“fopen”的声明
     1>f:\我的程序\c\实训\黑客帝国\1.cpp(717): warning C4996: 'fopen': This function or variable may be unsafe. Consider using fopen_s instead. To disable deprecation, use _CRT_SECURE_NO_WARNINGS. See online help for details.
                 d:\软件\vs2013\vc\include\stdio.h(211) : 参见“fopen”的声明
     1>f:\我的程序\c\实训\黑客帝国\1.cpp(759): warning C4996: 'strcpy': This function or variable may be unsafe. Consider using strcpy_s instead. To disable deprecation, use _CRT_SECURE_NO_WARNINGS. See online help for details.
                 d:\软件\vs2013\vc\include\string.h(112) : 参见“strcpy”的声明
     1>f:\我的程序\c\实训\黑客帝国\1.cpp(760): warning C4996: 'strcpy': This function or variable may be unsafe. Consider using strcpy_s instead. To disable deprecation, use _CRT_SECURE_NO_WARNINGS. See online help for details.
                 d:\软件\vs2013\vc\include\string.h(112) : 参见“strcpy”的声明
       Link:
         D:\软件\VS2013\VC\bin\link.exe /ERRORREPORT:PROMPT /OUT:".\Debug\黑客帝国.exe" /INCREMENTAL /NOLOGO odbc32.lib odbccp32.lib kernel32.lib user32.lib gdi32.lib winspool.lib comdlg32.lib advapi32.lib shell32.lib ole32.lib oleaut32.lib uuid.lib odbc32.lib odbccp32.lib /MANIFEST /MANIFESTUAC:"level='asInvoker' uiAccess='false'" /manifest:embed /DEBUG /PDB:".\Debug\黑客帝国.pdb" /SUBSYSTEM:CONSOLE /TLBID:1 /DYNAMICBASE /NXCOMPAT /IMPLIB:".\Debug\黑客帝国.lib" /MACHINE:X86 /SAFESEH .\Debug\1.obj
     1>LINK : warning LNK4076: 增量状态文件“.\Debug\黑客帝国.ilk”无效(将删除)；正以非增量方式链接
     1>1.obj : warning LNK4075: 忽略“/EDITANDCONTINUE”(由于“/OPT:LBR”规范)
         黑客帝国.vcxproj -> F:\我的程序\C\实训\黑客帝国\.\Debug\黑客帝国.exe
     1>已完成生成项目“F:\我的程序\C\实训\黑客帝国\黑客帝国.vcxproj”(Build 个目标)的操作。

生成成功。

已用时间 00:00:08.09
