f:\我的程序\c\实训\赵天华\赵天华\mfc.赵天华\debug\电子地图.pch
f:\我的程序\c\实训\赵天华\赵天华\mfc.赵天华\debug\vc120.pdb
f:\我的程序\c\实训\赵天华\赵天华\mfc.赵天华\debug\vc120.idb
f:\我的程序\c\实训\赵天华\赵天华\mfc.赵天华\debug\stdafx.obj
f:\我的程序\c\实训\赵天华\赵天华\mfc.赵天华\debug\电子地图.obj
f:\我的程序\c\实训\赵天华\赵天华\mfc.赵天华\debug\电子地图dlg.obj
f:\我的程序\c\实训\赵天华\赵天华\mfc.赵天华\debug\电子地图.ilk
f:\我的程序\c\实训\赵天华\赵天华\mfc.赵天华\debug\电子地图.exe
f:\我的程序\c\实训\赵天华\赵天华\mfc.赵天华\debug\电子地图.pdb
f:\我的程序\c\实训\赵天华\赵天华\mfc.赵天华\debug\电子地图.res
f:\我的程序\c\实训\赵天华\赵天华\mfc.赵天华\.\debug\电子地图.exe
f:\我的程序\c\实训\赵天华\赵天华\mfc.赵天华\debug\电子地图.tlog\cl.command.1.tlog
f:\我的程序\c\实训\赵天华\赵天华\mfc.赵天华\debug\电子地图.tlog\cl.read.1.tlog
f:\我的程序\c\实训\赵天华\赵天华\mfc.赵天华\debug\电子地图.tlog\cl.write.1.tlog
f:\我的程序\c\实训\赵天华\赵天华\mfc.赵天华\debug\电子地图.tlog\link.command.1.tlog
f:\我的程序\c\实训\赵天华\赵天华\mfc.赵天华\debug\电子地图.tlog\link.read.1.tlog
f:\我的程序\c\实训\赵天华\赵天华\mfc.赵天华\debug\电子地图.tlog\link.write.1.tlog
f:\我的程序\c\实训\赵天华\赵天华\mfc.赵天华\debug\电子地图.tlog\rc.command.1.tlog
f:\我的程序\c\实训\赵天华\赵天华\mfc.赵天华\debug\电子地图.tlog\rc.read.1.tlog
f:\我的程序\c\实训\赵天华\赵天华\mfc.赵天华\debug\电子地图.tlog\rc.write.1.tlog
